2022-12-09T03:42:47: PM2 log: ===============================================================================
2022-12-09T03:42:47: PM2 log: --- New PM2 Daemon started ----------------------------------------------------
2022-12-09T03:42:47: PM2 log: Time                 : Fri Dec 09 2022 03:42:47 GMT+0000 (Coordinated Universal Time)
2022-12-09T03:42:47: PM2 log: PM2 version          : 5.2.2
2022-12-09T03:42:47: PM2 log: Node.js version      : 19.2.0
2022-12-09T03:42:47: PM2 log: Current arch         : x64
2022-12-09T03:42:47: PM2 log: PM2 home             : /home/ubuntu/.pm2
2022-12-09T03:42:47: PM2 log: PM2 PID file         : /home/ubuntu/.pm2/pm2.pid
2022-12-09T03:42:47: PM2 log: RPC socket file      : /home/ubuntu/.pm2/rpc.sock
2022-12-09T03:42:47: PM2 log: BUS socket file      : /home/ubuntu/.pm2/pub.sock
2022-12-09T03:42:47: PM2 log: Application log path : /home/ubuntu/.pm2/logs
2022-12-09T03:42:47: PM2 log: Worker Interval      : 30000
2022-12-09T03:42:47: PM2 log: Process dump file    : /home/ubuntu/.pm2/dump.pm2
2022-12-09T03:42:47: PM2 log: Concurrent actions   : 2
2022-12-09T03:42:47: PM2 log: SIGTERM timeout      : 1600
2022-12-09T03:42:47: PM2 log: ===============================================================================
2022-12-09T03:42:47: PM2 log: App [index:0] starting in -fork mode-
2022-12-09T03:42:47: PM2 log: App [index:0] online
2022-12-09T03:42:47: PM2 log: App [index:0] exited with code [1] via signal [SIGINT]
2022-12-09T03:42:47: PM2 log: App [index:0] starting in -fork mode-
2022-12-09T03:42:47: PM2 log: App [index:0] online
2022-12-09T03:42:47: PM2 log: App [index:0] exited with code [1] via signal [SIGINT]
2022-12-09T03:42:47: PM2 log: App [index:0] starting in -fork mode-
2022-12-09T03:42:47: PM2 log: App [index:0] online
2022-12-09T03:42:48: PM2 log: App [index:0] exited with code [1] via signal [SIGINT]
2022-12-09T03:42:48: PM2 log: App [index:0] starting in -fork mode-
2022-12-09T03:42:48: PM2 log: App [index:0] online
2022-12-09T03:42:48: PM2 log: App [index:0] exited with code [1] via signal [SIGINT]
2022-12-09T03:42:48: PM2 log: App [index:0] starting in -fork mode-
2022-12-09T03:42:48: PM2 log: App [index:0] online
2022-12-09T03:42:48: PM2 log: App [index:0] exited with code [1] via signal [SIGINT]
2022-12-09T03:42:48: PM2 log: App [index:0] starting in -fork mode-
2022-12-09T03:42:48: PM2 log: App [index:0] online
2022-12-09T03:42:48: PM2 log: App [index:0] exited with code [1] via signal [SIGINT]
2022-12-09T03:42:48: PM2 log: App [index:0] starting in -fork mode-
2022-12-09T03:42:48: PM2 log: App [index:0] online
2022-12-09T03:42:49: PM2 log: App [index:0] exited with code [1] via signal [SIGINT]
2022-12-09T03:42:49: PM2 log: App [index:0] starting in -fork mode-
2022-12-09T03:42:49: PM2 log: App [index:0] online
2022-12-09T03:42:49: PM2 log: App [index:0] exited with code [1] via signal [SIGINT]
2022-12-09T03:42:49: PM2 log: App [index:0] starting in -fork mode-
2022-12-09T03:42:49: PM2 log: App [index:0] online
2022-12-09T03:42:49: PM2 log: App [index:0] exited with code [1] via signal [SIGINT]
2022-12-09T03:42:49: PM2 log: App [index:0] starting in -fork mode-
2022-12-09T03:42:49: PM2 log: App [index:0] online
2022-12-09T03:42:49: PM2 log: App [index:0] exited with code [1] via signal [SIGINT]
2022-12-09T03:42:49: PM2 log: App [index:0] starting in -fork mode-
2022-12-09T03:42:49: PM2 log: App [index:0] online
2022-12-09T03:42:50: PM2 log: App [index:0] exited with code [1] via signal [SIGINT]
2022-12-09T03:42:50: PM2 log: App [index:0] starting in -fork mode-
2022-12-09T03:42:50: PM2 log: App [index:0] online
2022-12-09T03:42:50: PM2 log: App [index:0] exited with code [1] via signal [SIGINT]
2022-12-09T03:42:50: PM2 log: App [index:0] starting in -fork mode-
2022-12-09T03:42:50: PM2 log: App [index:0] online
2022-12-09T03:42:50: PM2 log: App [index:0] exited with code [1] via signal [SIGINT]
2022-12-09T03:42:50: PM2 log: App [index:0] starting in -fork mode-
2022-12-09T03:42:50: PM2 log: App [index:0] online
2022-12-09T03:42:50: PM2 log: App [index:0] exited with code [1] via signal [SIGINT]
2022-12-09T03:42:50: PM2 log: App [index:0] starting in -fork mode-
2022-12-09T03:42:50: PM2 log: App [index:0] online
2022-12-09T03:42:51: PM2 log: App [index:0] exited with code [1] via signal [SIGINT]
2022-12-09T03:42:51: PM2 log: App [index:0] starting in -fork mode-
2022-12-09T03:42:51: PM2 log: App [index:0] online
2022-12-09T03:42:51: PM2 log: App [index:0] exited with code [1] via signal [SIGINT]
2022-12-09T03:42:51: PM2 log: Script /home/ubuntu/ws/index.js had too many unstable restarts (16). Stopped. "errored"
2022-12-09T03:43:50: PM2 log: Stopping app:index id:0
2022-12-09T03:43:50: PM2 error: app=index id=0 does not have a pid
